<?xml version="1.0" encoding="UTF-8"?>
<!-- Generated by org.testng.reporters.JUnitReportReporter -->
<testsuite hostname="PM" failures="0" tests="5" name="com.acttime.testscript.DemoOrangeHRM" time="37.098" errors="0" timestamp="2023-01-25T19:41:21 IST" skipped="0">
  <testcase classname="com.acttime.testscript.DemoOrangeHRM" name="cverifyMyInfo" time="7.356"/>
  <system-out>
    <![CDATA[cverifyMyInfo]]>
  </system-out>
  <testcase classname="com.acttime.testscript.DemoOrangeHRM" name="aopenbrowser" time="24.317"/>
  <system-out>
    <![CDATA[aopenbrowser]]>
  </system-out>
  <testcase classname="com.acttime.testscript.DemoOrangeHRM" name="blogin" time="1.382"/>
  <system-out>
    <![CDATA[blogin]]>
  </system-out>
  <testcase classname="com.acttime.testscript.DemoOrangeHRM" name="dlogout" time="2.165"/>
  <system-out>
    <![CDATA[dlogout]]>
  </system-out>
  <testcase classname="com.acttime.testscript.DemoOrangeHRM" name="ecloseBrowser" time="1.878"/>
  <system-out>
    <![CDATA[dcloseBrowser]]>
  </system-out>
</testsuite> <!-- com.acttime.testscript.DemoOrangeHRM -->
