<?xml version="1.0" encoding="UTF-8"?>
<!-- Generated by org.testng.reporters.JUnitReportReporter -->
<testsuite hostname="PM" failures="0" tests="5" name="com.acttime.testscript.Demo" time="20.178" errors="0" timestamp="2023-01-25T18:01:14 IST" skipped="0">
  <testcase classname="com.acttime.testscript.Demo" name="openbrowser" time="11.735"/>
  <system-out/>
  <testcase classname="com.acttime.testscript.Demo" name="login" time="1.110"/>
  <system-out/>
  <testcase classname="com.acttime.testscript.Demo" name="verifyMyInfo" time="5.144"/>
  <system-out>
    <![CDATA[verifyMyInfo]]>
  </system-out>
  <testcase classname="com.acttime.testscript.Demo" name="logout" time="1.982"/>
  <system-out/>
  <testcase classname="com.acttime.testscript.Demo" name="closeBrowser" time="0.207"/>
  <system-out/>
</testsuite> <!-- com.acttime.testscript.Demo -->
