<?xml version="1.0" encoding="UTF-8"?>
<!-- Generated by org.testng.reporters.JUnitReportReporter -->
<testsuite hostname="PM" failures="0" tests="2" name="com.acttime.testscript.OrangeHRM" time="15.890" errors="0" timestamp="2023-01-26T10:48:50 IST" skipped="0">
  <testcase classname="com.acttime.testscript.OrangeHRM" name="verifyPerformance" time="8.035"/>
  <system-out/>
  <testcase classname="com.acttime.testscript.OrangeHRM" name="verifyMyInfo" time="7.855"/>
  <system-out/>
</testsuite> <!-- com.acttime.testscript.OrangeHRM -->
